{"/media/gautier/datashared/Travail/web/gitPeopleVox/back/__tests__/helperFunction.ts": {"path":"/media/gautier/datashared/Travail/web/gitPeopleVox/back/__tests__/helperFunction.ts","statementMap":{"0":{"start":{"line":1,"column":0},"end":{"line":1,"column":54}},"1":{"start":{"line":3,"column":36},"end":{"line":5,"column":1}},"2":{"start":{"line":4,"column":2},"end":{"line":4,"column":15}},"3":{"start":{"line":3,"column":13},"end":{"line":3,"column":36}},"4":{"start":{"line":7,"column":35},"end":{"line":9,"column":1}},"5":{"start":{"line":8,"column":2},"end":{"line":8,"column":15}},"6":{"start":{"line":7,"column":13},"end":{"line":7,"column":35}},"7":{"start":{"line":13,"column":0},"end":{"line":13,"column":13}},"8":{"start":{"line":14,"column":24},"end":{"line":24,"column":2}},"9":{"start":{"line":16,"column":21},"end":{"line":24,"column":2}},"10":{"start":{"line":17,"column":2},"end":{"line":23,"column":null}},"11":{"start":{"line":18,"column":4},"end":{"line":18,"column":17}},"12":{"start":{"line":20,"column":4},"end":{"line":20,"column":35}},"13":{"start":{"line":22,"column":4},"end":{"line":22,"column":27}},"14":{"start":{"line":14,"column":13},"end":{"line":14,"column":24}}},"fnMap":{"0":{"name":"(anonymous_7)","decl":{"start":{"line":3,"column":36},"end":{"line":3,"column":39}},"loc":{"start":{"line":3,"column":41},"end":{"line":5,"column":1}}},"1":{"name":"(anonymous_8)","decl":{"start":{"line":7,"column":35},"end":{"line":7,"column":38}},"loc":{"start":{"line":7,"column":40},"end":{"line":9,"column":1}}},"2":{"name":"(anonymous_9)","decl":{"start":{"line":14,"column":24},"end":{"line":14,"column":null}},"loc":{"start":{"line":16,"column":21},"end":{"line":24,"column":2}}},"3":{"name":"(anonymous_10)","decl":{"start":{"line":16,"column":21},"end":{"line":16,"column":null}},"loc":{"start":{"line":16,"column":21},"end":{"line":24,"column":1}}}},"branchMap":{},"s":{"0":3,"1":3,"2":12,"3":3,"4":3,"5":12,"6":3,"7":3,"8":3,"9":10,"10":10,"11":10,"12":4,"13":10,"14":3},"f":{"0":12,"1":12,"2":10,"3":10},"b":{}}
,"/media/gautier/datashared/Travail/web/gitPeopleVox/back/src/database/database.ts": {"path":"/media/gautier/datashared/Travail/web/gitPeopleVox/back/src/database/database.ts","statementMap":{"0":{"start":{"line":7,"column":12},"end":{"line":7,"column":32}},"1":{"start":{"line":11,"column":16},"end":{"line":13,"column":2}},"2":{"start":{"line":14,"column":18},"end":{"line":14,"column":34}},"3":{"start":{"line":17,"column":49},"end":{"line":18,"column":22}},"4":{"start":{"line":18,"column":2},"end":{"line":18,"column":22}},"5":{"start":{"line":17,"column":13},"end":{"line":17,"column":49}},"6":{"start":{"line":20,"column":61},"end":{"line":23,"column":35}},"7":{"start":{"line":23,"column":5},"end":{"line":23,"column":35}},"8":{"start":{"line":20,"column":13},"end":{"line":20,"column":61}},"9":{"start":{"line":26,"column":26},"end":{"line":31,"column":1}},"10":{"start":{"line":30,"column":2},"end":{"line":30,"column":20}},"11":{"start":{"line":26,"column":13},"end":{"line":26,"column":26}}},"fnMap":{"0":{"name":"(anonymous_0)","decl":{"start":{"line":17,"column":49},"end":{"line":17,"column":50}},"loc":{"start":{"line":18,"column":2},"end":{"line":18,"column":22}}},"1":{"name":"(anonymous_1)","decl":{"start":{"line":20,"column":61},"end":{"line":20,"column":null}},"loc":{"start":{"line":23,"column":5},"end":{"line":23,"column":35}}},"2":{"name":"(anonymous_2)","decl":{"start":{"line":26,"column":26},"end":{"line":26,"column":29}},"loc":{"start":{"line":26,"column":31},"end":{"line":31,"column":1}}}},"branchMap":{},"s":{"0":3,"1":3,"2":3,"3":3,"4":12,"5":3,"6":3,"7":5,"8":3,"9":3,"10":24,"11":3},"f":{"0":12,"1":5,"2":24},"b":{}}
,"/media/gautier/datashared/Travail/web/gitPeopleVox/back/src/utils/auth.ts": {"path":"/media/gautier/datashared/Travail/web/gitPeopleVox/back/src/utils/auth.ts","statementMap":{"0":{"start":{"line":1,"column":0},"end":{"line":1,"column":36}},"1":{"start":{"line":3,"column":13},"end":{"line":3,"column":38}},"2":{"start":{"line":10,"column":16},"end":{"line":10,"column":49}},"3":{"start":{"line":12,"column":2},"end":{"line":14,"column":null}},"4":{"start":{"line":13,"column":4},"end":{"line":13,"column":38}},"5":{"start":{"line":16,"column":16},"end":{"line":16,"column":55}},"6":{"start":{"line":17,"column":2},"end":{"line":17,"column":19}},"7":{"start":{"line":9,"column":0},"end":{"line":9,"column":16}}},"fnMap":{"0":{"name":"decodeAuthHeader","decl":{"start":{"line":9,"column":16},"end":{"line":9,"column":32}},"loc":{"start":{"line":9,"column":51},"end":{"line":18,"column":1}}}},"branchMap":{"0":{"loc":{"start":{"line":12,"column":2},"end":{"line":14,"column":null}},"type":"if","locations":[{"start":{"line":12,"column":2},"end":{"line":14,"column":null}}]}},"s":{"0":2,"1":2,"2":4,"3":4,"4":1,"5":3,"6":2,"7":2},"f":{"0":4},"b":{"0":[1]}}
,"/media/gautier/datashared/Travail/web/gitPeopleVox/back/src/utils/resolver.ts": {"path":"/media/gautier/datashared/Travail/web/gitPeopleVox/back/src/utils/resolver.ts","statementMap":{"0":{"start":{"line":1,"column":0},"end":{"line":1,"column":56}},"1":{"start":{"line":2,"column":0},"end":{"line":2,"column":40}},"2":{"start":{"line":4,"column":0},"end":{"line":4,"column":36}},"3":{"start":{"line":5,"column":0},"end":{"line":5,"column":43}},"4":{"start":{"line":7,"column":29},"end":{"line":33,"column":1}},"5":{"start":{"line":9,"column":24},"end":{"line":9,"column":38}},"6":{"start":{"line":12,"column":2},"end":{"line":14,"column":null}},"7":{"start":{"line":13,"column":4},"end":{"line":13,"column":36}},"8":{"start":{"line":17,"column":2},"end":{"line":19,"column":null}},"9":{"start":{"line":18,"column":4},"end":{"line":18,"column":38}},"10":{"start":{"line":22,"column":2},"end":{"line":24,"column":null}},"11":{"start":{"line":23,"column":4},"end":{"line":23,"column":40}},"12":{"start":{"line":31,"column":16},"end":{"line":31,"column":43}},"13":{"start":{"line":32,"column":2},"end":{"line":32,"column":15}},"14":{"start":{"line":7,"column":13},"end":{"line":7,"column":29}},"15":{"start":{"line":35,"column":30},"end":{"line":55,"column":1}},"16":{"start":{"line":37,"column":24},"end":{"line":37,"column":38}},"17":{"start":{"line":40,"column":2},"end":{"line":42,"column":null}},"18":{"start":{"line":41,"column":4},"end":{"line":41,"column":36}},"19":{"start":{"line":45,"column":2},"end":{"line":47,"column":null}},"20":{"start":{"line":46,"column":4},"end":{"line":46,"column":46}},"21":{"start":{"line":50,"column":2},"end":{"line":50,"column":27}},"22":{"start":{"line":53,"column":16},"end":{"line":53,"column":43}},"23":{"start":{"line":54,"column":2},"end":{"line":54,"column":15}},"24":{"start":{"line":35,"column":13},"end":{"line":35,"column":30}}},"fnMap":{"0":{"name":"(anonymous_6)","decl":{"start":{"line":7,"column":29},"end":{"line":7,"column":30}},"loc":{"start":{"line":7,"column":73},"end":{"line":33,"column":1}}},"1":{"name":"(anonymous_7)","decl":{"start":{"line":35,"column":30},"end":{"line":35,"column":31}},"loc":{"start":{"line":35,"column":74},"end":{"line":55,"column":1}}}},"branchMap":{"0":{"loc":{"start":{"line":12,"column":2},"end":{"line":14,"column":null}},"type":"if","locations":[{"start":{"line":12,"column":2},"end":{"line":14,"column":null}}]},"1":{"loc":{"start":{"line":17,"column":2},"end":{"line":19,"column":null}},"type":"if","locations":[{"start":{"line":17,"column":2},"end":{"line":19,"column":null}}]},"2":{"loc":{"start":{"line":22,"column":2},"end":{"line":24,"column":null}},"type":"if","locations":[{"start":{"line":22,"column":2},"end":{"line":24,"column":null}}]},"3":{"loc":{"start":{"line":40,"column":2},"end":{"line":42,"column":null}},"type":"if","locations":[{"start":{"line":40,"column":2},"end":{"line":42,"column":null}}]},"4":{"loc":{"start":{"line":45,"column":2},"end":{"line":47,"column":null}},"type":"if","locations":[{"start":{"line":45,"column":2},"end":{"line":47,"column":null}}]}},"s":{"0":1,"1":1,"2":1,"3":1,"4":1,"5":4,"6":4,"7":0,"8":4,"9":1,"10":3,"11":1,"12":2,"13":2,"14":1,"15":1,"16":4,"17":4,"18":1,"19":3,"20":1,"21":2,"22":2,"23":2,"24":1},"f":{"0":4,"1":4},"b":{"0":[0],"1":[1],"2":[1],"3":[1],"4":[1]}}
,"/media/gautier/datashared/Travail/web/gitPeopleVox/back/src/utils/utils.ts": {"path":"/media/gautier/datashared/Travail/web/gitPeopleVox/back/src/utils/utils.ts","statementMap":{"0":{"start":{"line":2,"column":29},"end":{"line":9,"column":1}},"1":{"start":{"line":5,"column":16},"end":{"line":5,"column":66}},"2":{"start":{"line":6,"column":15},"end":{"line":6,"column":32}},"3":{"start":{"line":8,"column":2},"end":{"line":8,"column":14}},"4":{"start":{"line":2,"column":13},"end":{"line":2,"column":29}}},"fnMap":{"0":{"name":"(anonymous_0)","decl":{"start":{"line":2,"column":29},"end":{"line":2,"column":30}},"loc":{"start":{"line":2,"column":56},"end":{"line":9,"column":1}}}},"branchMap":{},"s":{"0":2,"1":12,"2":12,"3":12,"4":2},"f":{"0":12},"b":{}}
}
