TN:
SF:__tests__/helperFunction.ts
FN:3,(anonymous_7)
FN:7,(anonymous_8)
FN:14,(anonymous_9)
FN:16,(anonymous_10)
FNF:4
FNH:4
FNDA:12,(anonymous_7)
FNDA:12,(anonymous_8)
FNDA:10,(anonymous_9)
FNDA:10,(anonymous_10)
DA:1,3
DA:3,3
DA:4,12
DA:7,3
DA:8,12
DA:13,3
DA:14,3
DA:16,10
DA:17,10
DA:18,10
DA:20,4
DA:22,10
LF:12
LH:12
BRF:0
BRH:0
end_of_record
TN:
SF:src/database/database.ts
FN:17,(anonymous_0)
FN:20,(anonymous_1)
FN:26,(anonymous_2)
FNF:3
FNH:3
FNDA:12,(anonymous_0)
FNDA:5,(anonymous_1)
FNDA:24,(anonymous_2)
DA:7,3
DA:11,3
DA:14,3
DA:17,3
DA:18,12
DA:20,3
DA:23,5
DA:26,3
DA:30,24
LF:9
LH:9
BRF:0
BRH:0
end_of_record
TN:
SF:src/utils/auth.ts
FN:9,decodeAuthHeader
FNF:1
FNH:1
FNDA:4,decodeAuthHeader
DA:1,2
DA:3,2
DA:9,2
DA:10,4
DA:12,4
DA:13,1
DA:16,3
DA:17,2
LF:8
LH:8
BRDA:12,0,0,1
BRF:1
BRH:1
end_of_record
TN:
SF:src/utils/resolver.ts
FN:7,(anonymous_6)
FN:35,(anonymous_7)
FNF:2
FNH:2
FNDA:4,(anonymous_6)
FNDA:4,(anonymous_7)
DA:1,1
DA:2,1
DA:4,1
DA:5,1
DA:7,1
DA:9,4
DA:12,4
DA:13,0
DA:17,4
DA:18,1
DA:22,3
DA:23,1
DA:31,2
DA:32,2
DA:35,1
DA:37,4
DA:40,4
DA:41,1
DA:45,3
DA:46,1
DA:50,2
DA:53,2
DA:54,2
LF:23
LH:22
BRDA:12,0,0,0
BRDA:17,1,0,1
BRDA:22,2,0,1
BRDA:40,3,0,1
BRDA:45,4,0,1
BRF:5
BRH:4
end_of_record
TN:
SF:src/utils/utils.ts
FN:2,(anonymous_0)
FNF:1
FNH:1
FNDA:12,(anonymous_0)
DA:2,2
DA:5,12
DA:6,12
DA:8,12
LF:4
LH:4
BRF:0
BRH:0
end_of_record
